<?xml version="1.0" encoding="UTF-8"?>
<testng-results ignored="0" total="1" passed="1" failed="0" skipped="0">
  <reporter-output>
  </reporter-output>
  <suite started-at="2024-08-31T16:04:07 IST" name="Default suite" finished-at="2024-08-31T16:07:00 IST" duration-ms="172306">
    <groups>
    </groups>
    <test started-at="2024-08-31T16:04:07 IST" name="Default test" finished-at="2024-08-31T16:07:00 IST" duration-ms="172306">
      <class name="com.zoho.mail.Escalation_WhatsApp_Mail_Call_Excel2">
        <test-method signature="run()[pri:0, instance:com.zoho.mail.Escalation_WhatsApp_Mail_Call_Excel2@64712be]" started-at="2024-08-31T16:04:07 IST" name="run" finished-at="2024-08-31T16:07:00 IST" duration-ms="172254" status="PASS">
          <reporter-output>
          </reporter-output>
        </test-method> <!-- run -->
      </class> <!-- com.zoho.mail.Escalation_WhatsApp_Mail_Call_Excel2 -->
    </test> <!-- Default test -->
  </suite> <!-- Default suite -->
</testng-results>
